<?xml version="1.0" encoding="UTF-8"?>
<!-- Generated by org.testng.reporters.JUnitReportReporter -->
<testsuite hostname="DESKTOP-AEI6VM2" failures="0" tests="1" name="com.TestCase.Evaly" time="30.270" errors="0" timestamp="2021-04-08T13:03:13 BDT" skipped="0">
  <testcase classname="com.TestCase.Evaly" name="loginEvaly" time="30.270"/>
  <system-out>
clickeble locator found By.xpath: //button[contains(@class,'absolute top-0 right-0 p-2 text-white')] clickeble locator found By.xpath: //span[contains(@class,'flex w-full items-center')] clickeble locator found By.xpath:  //input[contains(@name,'phone')] clickeble locator found By.xpath:  //input[contains(@name,'password')] clickeble locator found By.xpath: //button[contains(@type,'submit')] <img src = "file://E:\JAVA PROJECT\STS\AutomationFrameworkEvaly\ScreenShot\Evaly-login-20210408_130250.png" alt = ""/> clickeble locator found By.xpath: //li[contains(.,'All Shops')] clickeble locator found By.xpath: //a[contains(@href,'/shops/sky-sea-shoes')] <img src = "file://E:\JAVA PROJECT\STS\AutomationFrameworkEvaly\ScreenShot\Evaly-ProductBrandChoose-20210408_130259.png" alt = ""/> clickeble locator found By.xpath: //div[@class='slug__Container-sc-1t3um60-0 kVFQSA container']//div[1]//div[4]//button[1]//*[local-name()='svg'] <img src = "file://E:\JAVA PROJECT\STS\AutomationFrameworkEvaly\ScreenShot\Evaly-BuyNow-20210408_130303.png" alt = ""/> clickeble locator found By.xpath: //body/reach-portal/div[@class='Modal__ModalConatiner-yw860-0 iXVEnI items-center justify-center']/div[@class='Modal___StyledDiv-yw860-5 yBdKC flex items-center']/div[@class='Modal__ModalContent-yw860-1 PlnCH rounded shadow bg-white relative']/section/div[@class='p-4']/div/ul[@class='Variants___StyledUl-sc-1av5r0r-0 btGKiA overflow-y-scroll']/li[1]/div[1] <img src = "file://E:\JAVA PROJECT\STS\AutomationFrameworkEvaly\ScreenShot\Evaly-AddToCart-20210408_130307.png" alt = ""/>  </system-out>
</testsuite> <!-- com.TestCase.Evaly -->
