<?xml version="1.0" encoding="UTF-8"?>
<!-- Generated by org.testng.reporters.JUnitReportReporter -->
<testsuite hostname="DESKTOP-AEI6VM2" failures="0" tests="1" name="com.TestCase.Selenium" time="16.832" errors="0" timestamp="2021-04-09T01:19:06 BDT" skipped="0">
  <testcase classname="com.TestCase.Selenium" name="seleniumTest" time="16.832"/>
  <system-out>
clickeble locator found By.xpath: //div[@onclick='toggleAboutNav()'] <img src = "file://E:\JAVA PROJECT\STS\AutomationFrameworkSelenium\ScreenShot\Selenium Test-20210409_011847.png" alt = ""/> clickeble locator found By.xpath: //a[contains(text(),'About')] <img src = "file://E:\JAVA PROJECT\STS\AutomationFrameworkSelenium\ScreenShot\Selenium Test-20210409_011852.png" alt = ""/> <img src = "file://E:\JAVA PROJECT\STS\AutomationFrameworkSelenium\ScreenShot\Selenium Test-20210409_011855.png" alt = ""/> clickeble locator found By.xpath: //img[contains(@class,'logo logo-large')] <img src = "file://E:\JAVA PROJECT\STS\AutomationFrameworkSelenium\ScreenShot\Selenium Test-20210409_011900.png" alt = ""/>  </system-out>
</testsuite> <!-- com.TestCase.Selenium -->
